Phylocom output: randomization method 2, 999 runs
plot	ntaxa	MPD	MPD.rnd	MPD.sd	NRI	MPD.rankLow	MPD.rankHi	MNTD	MNTD.rnd	MNTD.sd	NTI	MNTD.rankLo	MNTD.rankHi	runs
WF1	14	280.4636	300.6899	38.1419	0.5303	699	300	186.0889	165.5959	32.3079	-0.6343	254	745	999
WF2	16	247.2320	298.2249	35.9426	1.4187	962	37	79.2772	156.7109	29.0696	2.6637	998	1	999
WF3	13	257.6290	299.9614	39.3361	1.0762	921	78	154.0785	166.8736	33.8786	0.3777	633	366	999
WF4	16	254.7235	299.4975	35.6159	1.2571	942	57	68.8131	156.8458	28.3420	3.1061	999	0	999
WF5	13	264.6855	297.6993	38.7872	0.8512	847	152	178.5098	166.0288	32.7693	-0.3809	316	683	999
WF6	8	318.8288	297.8167	50.4536	-0.4165	157	842	174.3160	191.4793	45.6185	0.3762	656	343	999
WF7	14	259.8750	297.9439	37.5308	1.0143	913	86	97.5841	161.8070	31.1765	2.0600	990	9	999
WF8	12	264.2666	297.4576	39.5160	0.8399	873	126	157.8898	170.2309	34.2328	0.3605	629	370	999
WF9	12	262.7322	299.0445	41.3190	0.8788	891	108	102.3883	170.2317	35.4133	1.9158	985	14	999
WF10	14	277.7848	299.8316	38.9572	0.5659	700	299	129.9107	161.7203	31.3252	1.0155	836	163	999
WF11	15	268.4593	297.1282	34.8340	0.8230	829	170	159.1182	160.5210	30.0278	0.0467	502	497	999
WF12	12	242.9464	300.5668	40.0924	1.4372	973	26	167.3728	171.2625	35.7732	0.1087	506	493	999
WF13	10	280.6134	298.7870	45.1324	0.4027	633	366	181.1146	179.2819	39.2937	-0.0466	445	554	999
WF14	14	263.1348	298.6715	36.2783	0.9796	887	112	195.2745	162.4559	31.9764	-1.0263	154	845	999
WF15	14	262.8491	301.2670	39.4138	0.9747	895	104	81.6799	162.9691	31.3815	2.5904	997	2	999
WF16	15	275.8973	299.8475	36.5299	0.6556	747	252	135.2300	160.9025	30.4047	0.8444	796	203	999
WF17	17	231.2707	300.8251	35.3502	1.9676	997	2	139.4028	156.1004	27.6727	0.6034	685	314	999
WF18	6	273.1653	297.6054	60.6962	0.4027	703	296	211.7308	207.6470	53.1781	-0.0768	465	534	999
WF19	9	252.9972	299.5276	49.0948	0.9478	895	104	184.6779	184.9893	42.5753	0.0073	488	511	999
WF20	3	228.0432	293.2385	89.2921	0.7301	807	192	221.0170	248.4703	69.0089	0.3978	715	284	999
WS1	4	306.9054	301.6392	80.3777	-0.0655	260	739	271.2592	234.5338	65.3955	-0.5616	153	847	999
WS2	5	290.6976	298.2072	67.5988	0.1111	453	546	254.2674	220.0492	57.9815	-0.5902	231	769	999
WS3	6	279.0923	296.1190	59.2171	0.2875	590	409	237.4574	204.7352	52.5508	-0.6227	258	741	999
WS4	6	275.1377	301.3878	64.7344	0.4055	668	331	217.4795	210.1675	54.4011	-0.1344	448	551	999
WS5	7	219.6656	298.2800	52.5459	1.4961	972	27	168.5186	199.6039	46.9621	0.6619	746	253	999
WS6	8	261.4009	299.8561	52.5151	0.7323	807	192	218.7556	190.7579	45.3778	-0.6170	240	759	999
WS7	3	330.4880	301.0187	96.4112	-0.3057	293	710	284.4094	256.1371	72.9485	-0.3876	311	688	999
WS8	8	400.8796	298.3468	52.1245	-1.9671	88	911	198.4019	191.0305	46.2611	-0.1593	410	589	999
WS9	6	274.3733	302.1391	65.9118	0.4213	667	332	213.6573	209.1405	54.8036	-0.0824	472	527	999
WS10	6	256.8659	298.6069	60.6146	0.6886	845	154	197.1471	209.0930	52.3532	0.2282	593	406	999
WS11	4	217.9222	297.5925	75.6862	1.0526	917	82	177.1044	233.5781	61.5281	0.9179	854	145	999
WS12	8	229.8699	298.4643	51.1114	1.3421	948	51	190.2768	191.6159	46.0674	0.0291	499	500	999
WS13	7	288.2145	300.4129	56.3454	0.2165	551	448	205.6692	197.9983	49.5770	-0.1547	422	577	999
WS14	4	302.0173	300.1704	78.1314	-0.0236	498	501	256.5957	234.7599	61.9099	-0.3527	378	621	999
WS15	5	283.3702	300.4497	67.0878	0.2546	633	366	227.9200	220.0627	56.1552	-0.1399	446	553	999
WS16	11	262.8284	301.3962	44.1079	0.8744	871	128	163.7326	176.8535	37.5987	0.3490	615	384	999
WS17	6	270.9031	300.1225	61.1895	0.4775	754	245	196.3065	208.1738	52.6670	0.2253	604	395	999
WS18	7	302.1724	297.1777	55.0427	-0.0907	308	691	149.1766	198.3284	48.1113	1.0216	837	162	999
WS19	8	281.9095	296.5447	49.0561	0.2983	648	351	144.5270	190.6989	44.6856	1.0333	849	150	999
WS20	9	267.2814	296.6482	46.1455	0.6364	764	235	69.2608	183.1557	42.2396	2.6964	998	1	999
WS21	10	289.9026	296.7728	44.1239	0.1557	482	517	118.4612	177.6778	39.9717	1.4815	942	57	999
WS22	5	207.4031	299.7829	68.6540	1.3456	972	27	134.1720	218.9057	57.4852	1.4740	935	64	999
WS23	12	302.1332	299.4697	41.1917	-0.0647	312	687	158.1632	169.9583	34.6858	0.3401	598	401	999
WS24	7	297.2826	298.1101	54.2647	0.0152	391	608	211.0483	198.4345	49.2095	-0.2563	394	605	999
WS25	4	302.0175	301.0051	80.4776	-0.0126	458	541	256.5960	235.6841	62.7552	-0.3332	356	643	999
WS26	11	251.7127	296.6844	43.5097	1.0336	893	106	187.3417	173.7887	37.9364	-0.3573	357	642	999
WS27	4	302.0174	301.0869	80.2816	-0.0116	484	515	256.5959	234.9649	66.2961	-0.3263	362	639	999
WF21	5	289.3791	300.2509	69.9732	0.1554	520	479	251.9556	220.9136	57.2190	-0.5425	248	751	999
WS29	14	429.9204	297.0850	37.9930	-3.4963	1	998	158.3443	162.3506	32.0335	0.1251	510	489	999
WS30	7	308.3724	300.0599	54.7484	-0.1518	252	747	171.0003	198.6369	48.9617	0.5645	704	295	999
WS28	6	288.0473	300.3287	63.5964	0.1931	490	509	161.7348	208.5354	55.0027	0.8509	798	201	999
WH1	6	292.2754	301.1105	62.7953	0.1407	482	517	159.8324	209.6094	54.6834	0.9103	811	188	999
WH2	3	237.2439	300.6074	99.7829	0.6350	645	354	236.1567	254.0824	76.7567	0.2335	561	438	999
WH3	6	227.2554	299.4753	65.6939	1.0993	891	108	191.3280	207.6789	52.3992	0.3120	628	371	999
WH4	6	222.4009	298.6778	63.3767	1.2035	927	72	82.0120	207.0969	54.9826	2.2750	995	4	999
WH5	5	281.9236	299.2508	68.2737	0.2538	647	352	219.1713	218.2283	56.2580	-0.0168	493	506	999
WH6	5	294.7693	299.5482	66.7053	0.0716	425	574	132.3186	218.4413	56.6591	1.5200	939	60	999
WH7	5	296.9414	298.8249	68.5654	0.0275	381	618	141.0070	219.3555	57.8229	1.3550	907	92	999
WH8	4	281.1400	299.7354	75.2558	0.2471	696	303	218.4044	231.9386	61.9396	0.2185	641	358	999
WH9	5	311.0246	297.2582	69.0265	-0.1994	297	702	197.3398	219.4886	55.8215	0.3968	670	329	999
WH10	3	330.4880	297.4733	91.4061	-0.3612	277	730	284.4096	253.4489	68.8208	-0.4499	216	783	999
WH11	5	290.0403	297.1900	65.0272	0.1099	490	510	251.6383	215.8193	55.8204	-0.6417	235	764	999
WH12	4	331.8233	297.8396	76.1688	-0.4462	172	827	242.3369	231.6262	61.2730	-0.1748	445	555	999
WH13	6	262.2279	298.1406	60.9822	0.5889	821	178	200.4846	207.5759	52.4070	0.1353	563	436	999
WH14	7	311.5394	296.2327	54.9438	-0.2786	215	784	175.1784	196.5698	48.8610	0.4378	669	330	999
WH15	9	280.7552	299.3913	49.8306	0.3740	643	356	85.8216	184.3299	43.3282	2.2735	996	3	999
WH16	6	287.5266	297.8851	62.5762	0.1655	487	512	115.6803	207.4824	55.2487	1.6616	957	42	999
WH17	6	288.6165	299.5911	62.2061	0.1764	524	475	121.1298	205.4087	53.7931	1.5667	951	48	999
WH18	5	227.1955	300.3136	68.7118	1.0641	890	109	112.0832	219.1638	57.8105	1.8523	971	28	999
WH19	8	296.0423	299.5125	51.0937	0.0679	383	616	152.1423	189.1382	47.1149	0.7852	773	226	999
WH20	6	284.7745	297.1851	62.7829	0.1977	490	509	122.3278	204.8374	54.9129	1.5026	937	62	999
WH21	5	310.0372	299.9480	72.5408	-0.1391	301	698	196.3525	219.0239	59.9778	0.3780	662	337	999
WH22	3	307.1914	296.7240	94.1578	-0.1112	515	484	237.8162	252.6071	71.3475	0.2073	541	459	999
WH23	5	306.8580	295.9319	66.0233	-0.1655	305	694	159.3924	215.5596	55.8316	1.0060	843	156	999
WH24	7	279.2088	300.9842	57.2906	0.3801	634	365	93.9738	201.0394	48.8914	2.1899	994	5	999
WH25	4	291.0596	293.0358	69.5768	0.0284	581	418	120.0457	229.0281	58.3484	1.8678	974	25	999
WH26	7	292.0174	300.3752	57.2460	0.1460	503	496	133.9441	202.5644	49.1527	1.3961	920	79	999
WH27	7	288.7082	299.6221	58.6188	0.1862	519	480	158.3965	199.8373	50.9260	0.8137	801	198	999
WH28	7	209.6808	299.7845	55.8966	1.6120	989	10	106.0605	197.9118	49.6703	1.8492	972	27	999
WH29	8	275.5395	299.3507	52.8044	0.4509	700	299	133.8213	193.1428	44.8128	1.3238	906	93	999
WH30	3	330.4881	302.2176	96.3166	-0.2935	248	753	284.4095	254.0049	73.2366	-0.4152	251	757	999
WH31	4	306.6260	294.8706	77.2048	-0.1523	368	632	270.4215	228.9571	64.1322	-0.6465	237	763	999
WH32	3	237.2441	303.3741	95.1521	0.6950	662	337	236.1569	256.2052	70.4677	0.2845	576	423	999
WH33	7	260.4836	299.1665	56.1180	0.6893	836	163	71.8717	197.6889	49.4229	2.5457	997	2	999
WH34	9	272.2615	301.0874	49.0953	0.5871	760	239	96.6922	185.7623	41.9994	2.1207	987	12	999
WH35	6	282.6412	298.3457	59.8998	0.2622	555	444	96.4142	207.1955	52.1481	2.1244	986	13	999
SF1	8	269.3110	297.9678	51.9281	0.5519	702	297	238.8770	191.1405	44.7179	-1.0675	118	881	999
SF2	7	273.4241	297.5349	55.2897	0.4361	664	335	239.0547	195.7435	49.7329	-0.8709	166	833	999
SS2	7	257.7292	298.8564	54.4676	0.7551	880	119	55.3448	199.0135	49.7903	2.8855	998	1	999
SS3	7	292.0643	299.1831	57.5561	0.1237	490	509	172.7525	199.3383	49.7217	0.5347	706	293	999
SS4	6	265.2312	297.6794	60.3321	0.5378	799	200	211.2746	205.6698	51.1218	-0.1096	470	529	999
SF3	9	262.9652	296.4741	47.3867	0.7071	794	205	106.7375	184.7252	41.6166	1.8740	983	16	999
SF4	7	324.4571	302.3569	58.4069	-0.3784	166	833	241.4389	202.3329	51.8357	-0.7544	204	795	999
SF5	5	274.5134	300.9953	72.2880	0.3663	714	285	209.0835	219.7836	59.2187	0.1807	567	432	999
SF6	3	307.1914	299.8372	91.8841	-0.0800	509	491	237.8162	252.4958	69.6096	0.2109	532	467	999
SH1	4	318.0170	298.0202	78.2179	-0.2557	234	765	200.9178	233.3759	60.7635	0.5342	738	261	999
SS1	8	239.2880	300.1690	53.3562	1.1410	932	67	134.4721	191.2545	46.7980	1.2134	891	108	999
DH1	4	281.1400	296.8827	76.5302	0.2057	651	348	218.4044	230.7584	61.7894	0.1999	626	374	999
DH2	4	335.7214	299.5311	77.8577	-0.4648	133	866	254.0310	233.9646	62.9903	-0.3186	410	590	999
DF1	15	258.9548	299.9540	36.9830	1.1086	917	82	147.3608	161.2347	29.7560	0.4663	657	342	999
DF2	11	243.0327	297.4101	42.4502	1.2810	957	42	170.2870	173.0841	36.9884	0.0756	501	498	999
DF3	15	301.4684	298.5726	35.6621	-0.0812	309	690	187.9017	159.4560	30.4244	-0.9350	176	823	999
DF4	11	289.0746	299.7724	44.1464	0.2423	511	488	161.6053	176.3943	37.7721	0.3915	629	370	999
DS1	12	249.7143	299.9130	43.3841	1.1571	920	79	156.7559	171.2326	35.7403	0.4051	624	375	999
DS2	6	266.8006	301.1444	64.7605	0.5303	792	207	189.6193	209.3738	54.6523	0.3615	634	365	999
